2023-11-01 11:58:46,612 ERROR Hippodrome: Horses list is empty
2023-11-01 11:58:46,641 ERROR Hippodrome: Horses list is empty
2023-11-01 11:58:46,655 DEBUG Horse: Создание Horse, имя [0], скорость [3.0]
2023-11-01 11:58:46,656 DEBUG Horse: Создание Horse, имя [1], скорость [3.0]
2023-11-01 11:58:46,657 DEBUG Horse: Создание Horse, имя [2], скорость [3.0]
2023-11-01 11:58:46,658 DEBUG Hippodrome: Создание Hippodrome, лошадей [3]
2023-11-01 11:58:46,659 DEBUG Hippodrome: Создание Hippodrome, лошадей [3]
2023-11-01 11:58:46,661 DEBUG Horse: Создание Horse, имя [0], скорость [3.0]
2023-11-01 11:58:46,661 DEBUG Horse: Создание Horse, имя [1], скорость [3.0]
2023-11-01 11:58:46,664 DEBUG Horse: Создание Horse, имя [2], скорость [3.0]
2023-11-01 11:58:46,664 DEBUG Hippodrome: Создание Hippodrome, лошадей [3]
2023-11-01 11:58:46,670 DEBUG Horse: Создание Horse, имя [0], скорость [3.0]
2023-11-01 11:58:46,670 DEBUG Horse: Создание Horse, имя [1], скорость [3.0]
2023-11-01 11:58:46,671 DEBUG Horse: Создание Horse, имя [2], скорость [3.0]
2023-11-01 11:58:46,671 DEBUG Hippodrome: Создание Hippodrome, лошадей [3]
2023-11-01 11:58:46,672 DEBUG Horse: Создание Horse, имя [Amigo], скорость [3.0]
2023-11-01 11:58:46,685 DEBUG Horse: Создание Horse, имя [Amigo], скорость [3.0]
2023-11-01 11:58:49,788 DEBUG Horse: Создание Horse, имя [Amigo], скорость [3.0]
2023-11-01 11:58:49,940 DEBUG Horse: Создание Horse, имя [Amigo], скорость [3.0]
2023-11-01 11:58:49,953 DEBUG Horse: Создание Horse, имя [0], скорость [3.0]
2023-11-01 11:58:49,954 DEBUG Horse: Создание Horse, имя [1], скорость [3.0]
2023-11-01 11:58:49,954 DEBUG Horse: Создание Horse, имя [2], скорость [3.0]
2023-11-01 11:58:49,955 DEBUG Hippodrome: Создание Hippodrome, лошадей [3]
2023-11-01 12:00:21,159 DEBUG Horse: Создание Horse, имя [Bucephalus], скорость [2.4]
2023-11-01 12:00:21,169 DEBUG Horse: Создание Horse, имя [Ace of Spades], скорость [2.5]
2023-11-01 12:00:21,170 DEBUG Horse: Создание Horse, имя [Zephyr], скорость [2.6]
2023-11-01 12:00:21,170 DEBUG Horse: Создание Horse, имя [Blaze], скорость [2.7]
2023-11-01 12:00:21,170 DEBUG Horse: Создание Horse, имя [Lobster], скорость [2.8]
2023-11-01 12:00:21,171 DEBUG Horse: Создание Horse, имя [Pegasus], скорость [2.9]
2023-11-01 12:00:21,171 DEBUG Horse: Создание Horse, имя [Cherry], скорость [3.0]
2023-11-01 12:00:21,175 DEBUG Hippodrome: Создание Hippodrome, лошадей [7]
2023-11-01 12:00:21,176 INFO  Main: Начало скачек. Количество участников: 7
2023-11-01 12:00:41,326 INFO  Main: Окончание скачек. Победитель: Cherry
2023-11-01 12:01:53,549 DEBUG Horse: Создание Horse, имя [Bucephalus], скорость [2.4]
2023-11-01 12:01:53,559 DEBUG Horse: Создание Horse, имя [Ace of Spades], скорость [2.5]
2023-11-01 12:01:53,560 DEBUG Horse: Создание Horse, имя [Zephyr], скорость [2.6]
2023-11-01 12:01:53,560 DEBUG Horse: Создание Horse, имя [Blaze], скорость [2.7]
2023-11-01 12:01:53,561 DEBUG Horse: Создание Horse, имя [Lobster], скорость [2.8]
2023-11-01 12:01:53,561 DEBUG Horse: Создание Horse, имя [Pegasus], скорость [2.9]
2023-11-01 12:01:53,562 DEBUG Horse: Создание Horse, имя [Cherry], скорость [3.0]
2023-11-01 12:01:53,565 DEBUG Hippodrome: Создание Hippodrome, лошадей [7]
2023-11-01 12:01:53,567 INFO  Main: Начало скачек. Количество участников: 7
2023-11-01 12:01:54,761 INFO  Main: Окончание скачек. Победитель: Cherry
2023-11-01 12:02:28,623 DEBUG Horse: Создание Horse, имя [Bucephalus], скорость [2.4]
2023-11-01 12:02:28,634 DEBUG Horse: Создание Horse, имя [Ace of Spades], скорость [2.5]
2023-11-01 12:02:28,634 DEBUG Horse: Создание Horse, имя [Zephyr], скорость [2.6]
2023-11-01 12:02:28,635 DEBUG Horse: Создание Horse, имя [Blaze], скорость [2.7]
2023-11-01 12:02:28,635 DEBUG Horse: Создание Horse, имя [Lobster], скорость [2.8]
2023-11-01 12:02:28,636 DEBUG Horse: Создание Horse, имя [Pegasus], скорость [2.9]
2023-11-01 12:02:28,637 DEBUG Horse: Создание Horse, имя [Cherry], скорость [3.0]
2023-11-01 12:02:28,641 DEBUG Hippodrome: Создание Hippodrome, лошадей [7]
2023-11-01 12:02:28,642 INFO  Main: Начало скачек. Количество участников: 7
2023-11-01 12:02:30,828 INFO  Main: Окончание скачек. Победитель: Pegasus
